<?xml version="1.0" encoding="UTF-8"?>
<!-- Generated by org.testng.reporters.JUnitReportReporter -->
<testsuite hostname="DESKTOP-16LHAI3" failures="0" tests="1" name="Launch.Invalid" time="1.982" errors="0" timestamp="2024-02-20T06:59:16 IST" skipped="0">
  <testcase classname="Launch.Invalid" name="log" time="1.982"/>
  <system-out/>
</testsuite> <!-- Launch.Invalid -->
