<?xml version="1.0" encoding="UTF-8"?>
<!-- Generated by org.testng.reporters.JUnitReportReporter -->
<testsuite hostname="DESKTOP-16LHAI3" failures="0" tests="1" name="Launch.Launch" time="2.272" errors="0" timestamp="2024-02-20T06:55:42 IST" skipped="0">
  <testcase classname="Launch.Launch" name="login" time="2.272"/>
  <system-out/>
</testsuite> <!-- Launch.Launch -->
