<?xml version="1.0" encoding="UTF-8"?>
<!-- Generated by org.testng.reporters.JUnitReportReporter -->
<testsuite hostname="DESKTOP-16LHAI3" failures="0" tests="1" name="Launch.Upload" time="32.737" errors="0" timestamp="2024-02-26T10:13:05 IST" skipped="0">
  <testcase classname="Launch.Upload" name="uploadfile" time="32.737"/>
  <system-out/>
</testsuite> <!-- Launch.Upload -->
