<?xml version="1.0" encoding="UTF-8"?>
<!-- Generated by org.testng.reporters.JUnitReportReporter -->
<testsuite hostname="DESKTOP-16LHAI3" failures="0" tests="3" name="Launch.dataProvider" time="13.878" errors="0" timestamp="2024-02-21T08:37:34 IST" skipped="0">
  <testcase classname="Launch.dataProvider" name="loginTest" time="3.632"/>
  <system-out/>
  <testcase classname="Launch.dataProvider" name="loginTest" time="6.824"/>
  <system-out/>
  <testcase classname="Launch.dataProvider" name="loginTest" time="3.422"/>
  <system-out/>
</testsuite> <!-- Launch.dataProvider -->
