<?xml version="1.0" encoding="UTF-8"?>
<!-- Generated by org.testng.reporters.JUnitReportReporter -->
<testsuite hostname="DESKTOP-16LHAI3" failures="0" tests="1" name="Test.Launch1" time="3.855" errors="0" timestamp="2024-04-02T16:47:34 IST" skipped="0">
  <testcase classname="Test.Launch1" name="logapp" time="3.855"/>
  <system-out/>
</testsuite> <!-- Test.Launch1 -->
