<?xml version="1.0" encoding="UTF-8"?>
<!-- Generated by org.testng.reporters.JUnitReportReporter -->
<testsuite hostname="DESKTOP-16LHAI3" failures="0" tests="2" name="TestNGLearning.TestCase1" time="0.013" errors="0" timestamp="2024-04-02T07:23:41 IST" skipped="0">
  <testcase classname="TestNGLearning.TestCase1" name="doUserRegistration" time="0.007"/>
  <system-out/>
  <testcase classname="TestNGLearning.TestCase1" name="doLogin" time="0.006"/>
  <system-out/>
</testsuite> <!-- TestNGLearning.TestCase1 -->
