<?xml version="1.0" encoding="UTF-8"?>
<!-- Generated by org.testng.reporters.JUnitReportReporter -->
<testsuite hostname="DESKTOP-16LHAI3" failures="0" tests="1" name="Launch.Teson" time="5.750" errors="0" timestamp="2024-02-21T05:51:48 IST" skipped="0">
  <testcase classname="Launch.Teson" name="Launch" time="5.750"/>
  <system-out/>
</testsuite> <!-- Launch.Teson -->
